--------------------------------------------------------------------------------
Release 14.7 Trace  (nt64)
Copyright (c) 1995-2013 Xilinx, Inc.  All rights reserved.

C:\Xilinx\14.7\ISE_DS\ISE\bin\nt64\unwrapped\trce.exe -intstyle ise -v 3 -s 3
-n 3 -fastpaths -xml Convertidor_Display.twx Convertidor_Display.ncd -o
Convertidor_Display.twr Convertidor_Display.pcf -ucf Convertidor.ucf

Design file:              Convertidor_Display.ncd
Physical constraint file: Convertidor_Display.pcf
Device,package,speed:     xc6slx16,csg324,C,-3 (PRODUCTION 1.23 2013-10-13)
Report level:             verbose report

Environment Variable      Effect 
--------------------      ------ 
NONE                      No environment variables were set
--------------------------------------------------------------------------------

INFO:Timing:2698 - No timing constraints found, doing default enumeration.
INFO:Timing:3412 - To improve timing, see the Timing Closure User Guide (UG612).
INFO:Timing:2752 - To get complete path coverage, use the unconstrained paths 
   option. All paths that are not constrained will be reported in the 
   unconstrained paths section(s) of the report.
INFO:Timing:3339 - The clock-to-out numbers in this timing report are based on 
   a 50 Ohm transmission line loading model.  For the details of this model, 
   and for more information on accounting for different loading conditions, 
   please see the device datasheet.



Data Sheet report:
-----------------
All values displayed in nanoseconds (ns)

Pad to Pad
---------------+---------------+---------+
Source Pad     |Destination Pad|  Delay  |
---------------+---------------+---------+
number<0>      |HEX0<0>        |    7.724|
number<0>      |HEX0<1>        |    7.713|
number<0>      |HEX0<2>        |    7.489|
number<0>      |HEX0<3>        |    7.379|
number<0>      |HEX0<4>        |    7.554|
number<0>      |HEX0<5>        |    7.517|
number<0>      |HEX0<6>        |    7.755|
number<1>      |HEX0<0>        |    7.593|
number<1>      |HEX0<1>        |    7.622|
number<1>      |HEX0<2>        |    7.471|
number<1>      |HEX0<3>        |    7.248|
number<1>      |HEX0<4>        |    7.238|
number<1>      |HEX0<5>        |    7.499|
number<1>      |HEX0<6>        |    7.664|
number<2>      |HEX0<0>        |    7.853|
number<2>      |HEX0<1>        |    7.570|
number<2>      |HEX0<2>        |    7.625|
number<2>      |HEX0<3>        |    7.508|
number<2>      |HEX0<4>        |    7.064|
number<2>      |HEX0<5>        |    7.653|
number<2>      |HEX0<6>        |    7.612|
number<3>      |HEX0<0>        |    8.088|
number<3>      |HEX0<1>        |    7.634|
number<3>      |HEX0<2>        |    7.353|
number<3>      |HEX0<3>        |    7.743|
number<3>      |HEX0<4>        |    7.519|
number<3>      |HEX0<5>        |    7.381|
number<3>      |HEX0<6>        |    7.676|
number<4>      |HEX0<0>        |    7.924|
number<4>      |HEX0<1>        |    7.837|
number<4>      |HEX0<2>        |    7.415|
number<4>      |HEX0<3>        |    7.579|
number<4>      |HEX0<4>        |    7.581|
number<4>      |HEX0<5>        |    7.443|
number<4>      |HEX0<6>        |    7.879|
---------------+---------------+---------+


Analysis completed Fri Nov 17 08:50:56 2023 
--------------------------------------------------------------------------------

Trace Settings:
-------------------------
Trace Settings 

Peak Memory Usage: 4573 MB



