Release 14.7 - xst P.20131013 (nt64)
Copyright (c) 1995-2013 Xilinx, Inc.  All rights reserved.
--> Parameter TMPDIR set to xst/projnav.tmp


Total REAL time to Xst completion: 1.00 secs
Total CPU time to Xst completion: 0.31 secs
 
--> Parameter xsthdpdir set to xst


Total REAL time to Xst completion: 1.00 secs
Total CPU time to Xst completion: 0.31 secs
 
--> Reading design: Prueba2.prj

TABLE OF CONTENTS
  1) Synthesis Options Summary
  2) HDL Parsing
  3) HDL Elaboration
  4) HDL Synthesis
       4.1) HDL Synthesis Report
  5) Advanced HDL Synthesis
       5.1) Advanced HDL Synthesis Report
  6) Low Level Synthesis
  7) Partition Report
  8) Design Summary
       8.1) Primitive and Black Box Usage
       8.2) Device utilization summary
       8.3) Partition Resource Summary
       8.4) Timing Report
            8.4.1) Clock Information
            8.4.2) Asynchronous Control Signals Information
            8.4.3) Timing Summary
            8.4.4) Timing Details
            8.4.5) Cross Clock Domains Report


=========================================================================
*                      Synthesis Options Summary                        *
=========================================================================
---- Source Parameters
Input File Name                    : "Prueba2.prj"
Ignore Synthesis Constraint File   : NO

---- Target Parameters
Output File Name                   : "Prueba2"
Output Format                      : NGC
Target Device                      : xc6slx16-3-csg324

---- Source Options
Top Module Name                    : Prueba2
Automatic FSM Extraction           : YES
FSM Encoding Algorithm             : Auto
Safe Implementation                : No
FSM Style                          : LUT
RAM Extraction                     : Yes
RAM Style                          : Auto
ROM Extraction                     : Yes
Shift Register Extraction          : YES
ROM Style                          : Auto
Resource Sharing                   : YES
Asynchronous To Synchronous        : NO
Shift Register Minimum Size        : 2
Use DSP Block                      : Auto
Automatic Register Balancing       : No

---- Target Options
LUT Combining                      : Auto
Reduce Control Sets                : Auto
Add IO Buffers                     : YES
Global Maximum Fanout              : 100000
Add Generic Clock Buffer(BUFG)     : 16
Register Duplication               : YES
Optimize Instantiated Primitives   : NO
Use Clock Enable                   : Auto
Use Synchronous Set                : Auto
Use Synchronous Reset              : Auto
Pack IO Registers into IOBs        : Auto
Equivalent register Removal        : YES

---- General Options
Optimization Goal                  : Speed
Optimization Effort                : 1
Power Reduction                    : NO
Keep Hierarchy                     : No
Netlist Hierarchy                  : As_Optimized
RTL Output                         : Yes
Global Optimization                : AllClockNets
Read Cores                         : YES
Write Timing Constraints           : NO
Cross Clock Analysis               : NO
Hierarchy Separator                : /
Bus Delimiter                      : <>
Case Specifier                     : Maintain
Slice Utilization Ratio            : 100
BRAM Utilization Ratio             : 100
DSP48 Utilization Ratio            : 100
Auto BRAM Packing                  : NO
Slice Utilization Ratio Delta      : 5

=========================================================================


=========================================================================
*                          HDL Parsing                                  *
=========================================================================
Parsing VHDL file "C:\Users\Asus\Desktop\MicroComputadoras\sumador\Sumador.vhd" into library work
Parsing entity <Sumador>.
Parsing architecture <Behavioral> of entity <sumador>.
Parsing VHDL file "C:\Users\Asus\Desktop\MicroComputadoras\Convertidor_Display\Convertidor_Display.vhd" into library work
Parsing entity <Convertidor_Display>.
Parsing architecture <Behavioral> of entity <convertidor_display>.
Parsing VHDL file "C:\Users\Asus\Desktop\MicroComputadoras\Prueba2-Asignacion\Prueba2-Asignacion.vhd" into library work
Parsing entity <Prueba2>.
Parsing architecture <Behavioral> of entity <prueba2>.

=========================================================================
*                            HDL Elaboration                            *
=========================================================================

Elaborating entity <Prueba2> (architecture <Behavioral>) with generics from library <work>.

Elaborating entity <Convertidor_Display> (architecture <Behavioral>) with generics from library <work>.

Elaborating entity <Sumador> (architecture <Behavioral>) with generics from library <work>.

=========================================================================
*                           HDL Synthesis                               *
=========================================================================

Synthesizing Unit <Prueba2>.
    Related source file is "C:\Users\Asus\Desktop\MicroComputadoras\Prueba2-Asignacion\Prueba2-Asignacion.vhd".
        n = 4
    Found 4-bit adder for signal <Temp[3]_GND_6_o_add_10_OUT> created at line 135.
    Found 4-bit adder for signal <numeroAUX[3]_GND_6_o_add_12_OUT> created at line 142.
    Found 16x2-bit Read Only RAM for signal <_n0127>
    Found 5-bit 12-to-1 multiplexer for signal <ResTemporal> created at line 77.
    Found 4-bit comparator greater for signal <A[3]_B[3]_LessThan_12_o> created at line 137
    Summary:
	inferred   1 RAM(s).
	inferred   2 Adder/Subtractor(s).
	inferred   1 Comparator(s).
	inferred  24 Multiplexer(s).
Unit <Prueba2> synthesized.

Synthesizing Unit <Convertidor_Display>.
    Related source file is "C:\Users\Asus\Desktop\MicroComputadoras\Convertidor_Display\Convertidor_Display.vhd".
        n = 5
    Found 32x8-bit Read Only RAM for signal <HEX0>
    Summary:
	inferred   1 RAM(s).
Unit <Convertidor_Display> synthesized.

Synthesizing Unit <Sumador>.
    Related source file is "C:\Users\Asus\Desktop\MicroComputadoras\sumador\Sumador.vhd".
        n = 4
    Summary:
Unit <Sumador> synthesized.

=========================================================================
HDL Synthesis Report

Macro Statistics
# RAMs                                                 : 2
 16x2-bit single-port Read Only RAM                    : 1
 32x8-bit single-port Read Only RAM                    : 1
# Adders/Subtractors                                   : 2
 4-bit adder                                           : 2
# Comparators                                          : 1
 4-bit comparator greater                              : 1
# Multiplexers                                         : 24
 1-bit 2-to-1 multiplexer                              : 4
 4-bit 2-to-1 multiplexer                              : 15
 5-bit 12-to-1 multiplexer                             : 1
 5-bit 2-to-1 multiplexer                              : 4
# Xors                                                 : 11
 1-bit xor2                                            : 9
 4-bit xor2                                            : 2

=========================================================================

=========================================================================
*                       Advanced HDL Synthesis                          *
=========================================================================


Synthesizing (advanced) Unit <Convertidor_Display>.
INFO:Xst:3218 - HDL ADVISOR - The RAM <Mram_HEX0> will be implemented on LUTs either because you have described an asynchronous read or because of currently unsupported block RAM features. If you have described an asynchronous read, making it synchronous would allow you to take advantage of available block RAM resources, for optimized device usage and improved timings. Please refer to your documentation for coding guidelines.
    -----------------------------------------------------------------------
    | ram_type           | Distributed                         |          |
    -----------------------------------------------------------------------
    | Port A                                                              |
    |     aspect ratio   | 32-word x 8-bit                     |          |
    |     weA            | connected to signal <GND>           | high     |
    |     addrA          | connected to signal <number>        |          |
    |     diA            | connected to signal <GND>           |          |
    |     doA            | connected to signal <HEX0>          |          |
    -----------------------------------------------------------------------
Unit <Convertidor_Display> synthesized (advanced).

Synthesizing (advanced) Unit <Prueba2>.
INFO:Xst:3218 - HDL ADVISOR - The RAM <Mram__n0127> will be implemented on LUTs either because you have described an asynchronous read or because of currently unsupported block RAM features. If you have described an asynchronous read, making it synchronous would allow you to take advantage of available block RAM resources, for optimized device usage and improved timings. Please refer to your documentation for coding guidelines.
    -----------------------------------------------------------------------
    | ram_type           | Distributed                         |          |
    -----------------------------------------------------------------------
    | Port A                                                              |
    |     aspect ratio   | 16-word x 2-bit                     |          |
    |     weA            | connected to signal <GND>           | high     |
    |     addrA          | connected to signal <Selector>      |          |
    |     diA            | connected to signal <GND>           |          |
    |     doA            | connected to internal node          |          |
    -----------------------------------------------------------------------
Unit <Prueba2> synthesized (advanced).

=========================================================================
Advanced HDL Synthesis Report

Macro Statistics
# RAMs                                                 : 2
 16x2-bit single-port distributed Read Only RAM        : 1
 32x8-bit single-port distributed Read Only RAM        : 1
# Adders/Subtractors                                   : 2
 4-bit adder                                           : 2
# Comparators                                          : 1
 4-bit comparator greater                              : 1
# Multiplexers                                         : 24
 1-bit 2-to-1 multiplexer                              : 4
 4-bit 2-to-1 multiplexer                              : 15
 5-bit 12-to-1 multiplexer                             : 1
 5-bit 2-to-1 multiplexer                              : 4
# Xors                                                 : 11
 1-bit xor2                                            : 9
 4-bit xor2                                            : 2

=========================================================================

=========================================================================
*                         Low Level Synthesis                           *
=========================================================================

Optimizing unit <Prueba2> ...

Mapping all equations...
Building and optimizing final netlist ...
Found area constraint ratio of 100 (+ 5) on block Prueba2, actual ratio is 0.

Final Macro Processing ...

=========================================================================
Final Register Report

Found no macro
=========================================================================

=========================================================================
*                           Partition Report                            *
=========================================================================

Partition Implementation Status
-------------------------------

  No Partitions were found in this design.

-------------------------------

=========================================================================
*                            Design Summary                             *
=========================================================================

Top Level Output File Name         : Prueba2.ngc

Primitive and Black Box Usage:
------------------------------
# BELS                             : 57
#      GND                         : 1
#      LUT3                        : 4
#      LUT4                        : 6
#      LUT5                        : 21
#      LUT6                        : 22
#      MUXF7                       : 2
#      VCC                         : 1
# IO Buffers                       : 32
#      IBUF                        : 12
#      OBUF                        : 20

Device utilization summary:
---------------------------

Selected Device : 6slx16csg324-3 


Slice Logic Utilization: 
 Number of Slice LUTs:                   53  out of   9112     0%  
    Number used as Logic:                53  out of   9112     0%  

Slice Logic Distribution: 
 Number of LUT Flip Flop pairs used:     53
   Number with an unused Flip Flop:      53  out of     53   100%  
   Number with an unused LUT:             0  out of     53     0%  
   Number of fully used LUT-FF pairs:     0  out of     53     0%  
   Number of unique control sets:         0

IO Utilization: 
 Number of IOs:                          32
 Number of bonded IOBs:                  32  out of    232    13%  

Specific Feature Utilization:

---------------------------
Partition Resource Summary:
---------------------------

  No Partitions were found in this design.

---------------------------


=========================================================================
Timing Report

NOTE: THESE TIMING NUMBERS ARE ONLY A SYNTHESIS ESTIMATE.
      FOR ACCURATE TIMING INFORMATION PLEASE REFER TO THE TRACE REPORT
      GENERATED AFTER PLACE-and-ROUTE.

Clock Information:
------------------
No clock signals found in this design

Asynchronous Control Signals Information:
----------------------------------------
No asynchronous control signals found in this design

Timing Summary:
---------------
Speed Grade: -3

   Minimum period: No path found
   Minimum input arrival time before clock: No path found
   Maximum output required time after clock: No path found
   Maximum combinational path delay: 14.394ns

Timing Details:
---------------
All values displayed in nanoseconds (ns)

=========================================================================
Timing constraint: Default path analysis
  Total number of paths / destination ports: 11074 / 15
-------------------------------------------------------------------------
Delay:               14.394ns (Levels of Logic = 11)
  Source:            B<0> (PAD)
  Destination:       HEX0<6> (PAD)

  Data Path: B<0> to HEX0<6>
                                Gate     Net
    Cell:in->out      fanout   Delay   Delay  Logical Name (Net Name)
    ----------------------------------------  ------------
     IBUF:I->O            10   1.222   1.085  B_0_IBUF (B_0_IBUF)
     LUT4:I1->O           12   0.205   1.013  B[3]_GND_6_o_equal_10_o1 (B[3]_GND_6_o_equal_10_o)
     LUT6:I4->O            3   0.203   1.015  Mmux_numero112 (numero1<0>)
     LUT6:I0->O            1   0.203   0.000  SumadorComp/C<1>_F (N20)
     MUXF7:I0->O           5   0.131   0.819  SumadorComp/C<1> (SumadorComp/C<1>)
     LUT6:I4->O            2   0.203   0.864  SumadorComp/C<3>1 (SumadorComp/C<3>)
     LUT4:I0->O            4   0.203   1.048  SumadorComp/C<4>1 (C_OBUF)
     LUT6:I0->O           11   0.203   1.247  Mmux_ResTemporal11 (ResTemporal<4>)
     LUT6:I0->O            9   0.203   1.174  Mmux_ResTemporal55 (Resultado_1_OBUF)
     LUT5:I0->O            1   0.203   0.579  Display/Mram_HEX061 (HEX0_6_OBUF)
     OBUF:I->O                 2.571          HEX0_6_OBUF (HEX0<6>)
    ----------------------------------------
    Total                     14.394ns (5.550ns logic, 8.844ns route)
                                       (38.6% logic, 61.4% route)

=========================================================================

Cross Clock Domains Report:
--------------------------

=========================================================================


Total REAL time to Xst completion: 17.00 secs
Total CPU time to Xst completion: 16.30 secs
 
--> 

Total memory usage is 4502256 kilobytes

Number of errors   :    0 (   0 filtered)
Number of warnings :    0 (   0 filtered)
Number of infos    :    2 (   0 filtered)

